[debug] [2019-12-08T15:41:54.700Z] ----------------------------------------------------------------------
[debug] [2019-12-08T15:41:54.702Z] Command:       C:\Program Files\nodejs\node.exe C:\Users\denni\AppData\Roaming\npm\node_modules\firebase-tools\lib\bin\firebase.js deploy --only functions:ssr
[debug] [2019-12-08T15:41:54.702Z] CLI Version:   7.6.2
[debug] [2019-12-08T15:41:54.702Z] Platform:      win32
[debug] [2019-12-08T15:41:54.702Z] Node Version:  v10.15.1
[debug] [2019-12-08T15:41:54.718Z] Time:          Sun Dec 08 2019 16:41:54 GMT+0100 (GMT+01:00)
[debug] [2019-12-08T15:41:54.718Z] ----------------------------------------------------------------------
[debug] [2019-12-08T15:41:54.718Z] 
[debug] [2019-12-08T15:41:54.738Z] > command requires scopes: ["email","openid","https://www.googleapis.com/auth/cloudplatformprojects.readonly","https://www.googleapis.com/auth/firebase","https://www.googleapis.com/auth/cloud-platform"]
[debug] [2019-12-08T15:41:54.738Z] > authorizing via signed-in user
[debug] [2019-12-08T15:41:54.738Z] [iam] checking project fhg-online for permissions ["cloudfunctions.functions.create","cloudfunctions.functions.delete","cloudfunctions.functions.get","cloudfunctions.functions.list","cloudfunctions.functions.update","cloudfunctions.operations.get","firebase.projects.get"]
[debug] [2019-12-08T15:41:54.740Z] > refreshing access token with scopes: ["email","https://www.googleapis.com/auth/cloud-platform","https://www.googleapis.com/auth/cloudplatformprojects.readonly","https://www.googleapis.com/auth/firebase","openid"]
[debug] [2019-12-08T15:41:54.740Z] >>> HTTP REQUEST POST https://www.googleapis.com/oauth2/v3/token  
 <request body omitted>
[debug] [2019-12-08T15:41:54.941Z] <<< HTTP RESPONSE 200
[debug] [2019-12-08T15:41:54.948Z] >>> HTTP REQUEST POST https://cloudresourcemanager.googleapis.com/v1/projects/fhg-online:testIamPermissions  

[debug] [2019-12-08T15:41:55.215Z] <<< HTTP RESPONSE 200
[info] 
[info] === Deploying to 'fhg-online'...
[info] 
[info] i  deploying functions
[info] Running command: npm --prefix "$RESOURCE_DIR" run build
[info] +  functions: Finished running predeploy script.
[debug] [2019-12-08T15:42:11.301Z] > [functions] package.json contents: {
  "name": "functions",
  "scripts": {
    "build": "webpack && node cp-angular",
    "serve": "npm run build && firebase serve --only functions",
    "shell": "npm run build && firebase functions:shell",
    "start": "npm run shell",
    "deploy": "firebase deploy --only functions",
    "logs": "firebase functions:log"
  },
  "engines": {
    "node": "8"
  },
  "main": "lib/index.js",
  "dependencies": {
    "@firebase/app": "^0.4.16",
    "@firebase/auth": "^0.12.0",
    "@firebase/firestore": "^1.5.2",
    "@firebase/performance": "^0.2.18",
    "@firebase/util": "^0.2.27",
    "algoliasearch": "^3.35.0",
    "cors": "^2.8.5",
    "firebase": "^6.6.2-1",
    "firebase-admin": "^8.6.0",
    "firebase-functions": "^3.2.0",
    "firebase-tools": "^7.0.1",
    "fs-extra": "^8.0.1",
    "nodemailer": "^6.3.1",
    "webpack": "^4.33.0"
  },
  "devDependencies": {
    "@types/algoliasearch": "^3.34.2",
    "@types/nodemailer": "^6.2.1",
    "firebase-functions-test": "^0.1.6",
    "ts-loader": "^6.0.2",
    "typescript": "^3.2.2",
    "webpack-cli": "^3.3.2",
    "webpack-node-externals": "^1.7.2",
    "ws": "^7.0.0"
  },
  "private": true
}
[info] i  functions: ensuring necessary APIs are enabled...
[debug] [2019-12-08T15:42:11.303Z] >>> HTTP REQUEST GET https://serviceusage.googleapis.com/v1/projects/fhg-online/services/cloudfunctions.googleapis.com  
 
[debug] [2019-12-08T15:42:11.303Z] >>> HTTP REQUEST GET https://serviceusage.googleapis.com/v1/projects/fhg-online/services/runtimeconfig.googleapis.com  
 
[debug] [2019-12-08T15:42:12.270Z] <<< HTTP RESPONSE 200
[debug] [2019-12-08T15:42:12.303Z] <<< HTTP RESPONSE 200
[info] +  functions: all necessary APIs are enabled
[debug] [2019-12-08T15:42:12.307Z] >>> HTTP REQUEST GET https://firebase.googleapis.com/v1beta1/projects/fhg-online/adminSdkConfig  
 
[debug] [2019-12-08T15:42:12.653Z] <<< HTTP RESPONSE 200
[info] i  functions: preparing functions directory for uploading...
[debug] [2019-12-08T15:42:12.662Z] >>> HTTP REQUEST GET https://runtimeconfig.googleapis.com/v1beta1/projects/fhg-online/configs  
 
[debug] [2019-12-08T15:42:13.326Z] <<< HTTP RESPONSE 200
[debug] [2019-12-08T15:42:13.327Z] >>> HTTP REQUEST GET https://runtimeconfig.googleapis.com/v1beta1/projects/fhg-online/configs/algolia/variables  
 
[debug] [2019-12-08T15:42:13.327Z] >>> HTTP REQUEST GET https://runtimeconfig.googleapis.com/v1beta1/projects/fhg-online/configs/email/variables  
 
[debug] [2019-12-08T15:42:13.540Z] <<< HTTP RESPONSE 200
[debug] [2019-12-08T15:42:13.540Z] >>> HTTP REQUEST GET https://runtimeconfig.googleapis.com/v1beta1/projects/fhg-online/configs/email/variables/pass  
 
[debug] [2019-12-08T15:42:13.540Z] >>> HTTP REQUEST GET https://runtimeconfig.googleapis.com/v1beta1/projects/fhg-online/configs/email/variables/user  
 
[debug] [2019-12-08T15:42:13.634Z] <<< HTTP RESPONSE 200
[debug] [2019-12-08T15:42:13.635Z] >>> HTTP REQUEST GET https://runtimeconfig.googleapis.com/v1beta1/projects/fhg-online/configs/algolia/variables/apikey  
 
[debug] [2019-12-08T15:42:13.636Z] >>> HTTP REQUEST GET https://runtimeconfig.googleapis.com/v1beta1/projects/fhg-online/configs/algolia/variables/appid  
 
[debug] [2019-12-08T15:42:13.850Z] <<< HTTP RESPONSE 200
[debug] [2019-12-08T15:42:13.860Z] <<< HTTP RESPONSE 200
[debug] [2019-12-08T15:42:13.866Z] <<< HTTP RESPONSE 200
[debug] [2019-12-08T15:42:13.876Z] <<< HTTP RESPONSE 200
[info] i  functions: packaged functions (12.63 MB) for uploading
[debug] [2019-12-08T15:42:18.760Z] >>> HTTP REQUEST POST https://cloudfunctions.googleapis.com/v1/projects/fhg-online/locations/us-central1/functions:generateUploadUrl  
 
[debug] [2019-12-08T15:42:19.722Z] <<< HTTP RESPONSE 200
[debug] [2019-12-08T15:42:19.723Z] >>> HTTP REQUEST PUT https://storage.googleapis.com/gcf-upload-us-central1-4a07c8d4-464d-45c6-a760-db3316b57d26/0a209239-06db-4292-88cf-22fbf555883f.zip?GoogleAccessId=service-482394872244@gcf-admin-robot.iam.gserviceaccount.com&Expires=1575821541&Signature=EDMupY16vOlldKexEzBHIkWGESIO52ylNkoCB4Gu7SNy2yAuQjaKOMV4mLfqoxU09ZsHFJEkAevx7ABUYwUkLwNs0g%2FL%2B%2FcCXjhxdMorf4y9Hy2CNqvMkaZrZSakEFugF7BPWS8Sp3F8TZLM1eYtzrk2iC2uWQcgUL%2BI0obJUwxj7%2BmmPUak8PrHOEUcMx7vhpM%2FHKN1BMkScljOzhju94G5LYjeOpG03bviQzHGGk9GYXHVVGkvewcyfrUEqKevBlKJB%2FpgQ%2FXlstBCvMLMhhUFMj%2FbF%2BBrRp7d2M2D6ffEAPiLTw0ANsZJ%2BeAmLJyJPAOhTkXgnr9J5hwmYfBL6Q%3D%3D  
 <request body omitted>
